<?xml version='1.0' encoding='UTF-8'?>
<testsuite hostname="UEM2Z3ZLCP4L" name="tests.CanonicalDirectBasisSpec" tests="6" errors="0" failures="0" skipped="0" time="0.18">
                     <properties>
[...]
</properties>
                     <testcase classname="tests.CanonicalDirectBasisSpec" name="txt test file" time="0.058">
                                                 
                                               </testcase><testcase classname="tests.CanonicalDirectBasisSpec" name="The Canonical Direct basis should split the basis into 5 sectors" time="0.005">
                                                 
                                               </testcase><testcase classname="tests.CanonicalDirectBasisSpec" name="The Canonical Direct basis should return the basis with sectorsToBasis" time="0.03">
                                                 
                                               </testcase><testcase classname="tests.CanonicalDirectBasisSpec" name="The Canonical Direct basis should add 5 to the family when updated with 5" time="0.053">
                                                 
                                               </testcase><testcase classname="tests.CanonicalDirectBasisSpec" name="The Canonical Direct basis should add 123 and 23 when updated with 123" time="0.01">
                                                 
                                               </testcase><testcase classname="tests.CanonicalDirectBasisSpec" name="A Basis should produce the correct Moore family" time="0.024">
                                                 
                                               </testcase>
                     <system-out></system-out>
                     <system-err></system-err>
                   </testsuite>